{"error":{"clientVersion":"6.10.0","code":"P2021","meta":{"modelName":"Movie","table":"public.Movie"},"name":"PrismaClientKnownRequestError"},"level":"error","message":"Error atrapado por ErrorHandler","timestamp":"2025-08-01T14:58:13.004Z"}
{"error":{"name":"NotFoundError"},"level":"error","message":"Error atrapado por ErrorHandler","timestamp":"2025-08-01T17:24:31.615Z"}
{"error":{"issues":[{"code":"invalid_type","expected":"string","message":"Required","path":[],"received":"undefined"}],"name":"ZodError"},"level":"error","message":"Error atrapado por ErrorHandler","timestamp":"2025-08-01T17:24:52.154Z"}
{"error":{"body":{"code":"INVALID_EMAIL_OR_PASSWORD","message":"Invalid email or password"},"headers":{},"name":"APIError","status":"UNAUTHORIZED","statusCode":401},"level":"error","message":"Error atrapado por ErrorHandler","timestamp":"2025-08-01T17:25:13.434Z"}
{"error":{"clientVersion":"6.10.0","name":"PrismaClientValidationError"},"level":"error","message":"Error atrapado por ErrorHandler","timestamp":"2025-08-01T17:25:18.549Z"}
{"error":{"clientVersion":"6.10.0","name":"PrismaClientValidationError"},"level":"error","message":"Error atrapado por ErrorHandler","timestamp":"2025-08-01T17:26:46.961Z"}
{"error":{"clientVersion":"6.10.0","name":"PrismaClientValidationError"},"level":"error","message":"Error atrapado por ErrorHandler","timestamp":"2025-08-01T17:27:40.187Z"}
{"error":{"clientVersion":"6.10.0","name":"PrismaClientValidationError"},"level":"error","message":"Error atrapado por ErrorHandler","timestamp":"2025-08-01T17:27:41.300Z"}
{"error":{"clientVersion":"6.10.0","name":"PrismaClientValidationError"},"level":"error","message":"Error atrapado por ErrorHandler","timestamp":"2025-08-01T17:28:08.049Z"}
{"error":{"clientVersion":"6.10.0","name":"PrismaClientValidationError"},"level":"error","message":"Error atrapado por ErrorHandler","timestamp":"2025-08-01T17:28:55.315Z"}
{"error":{"clientVersion":"6.10.0","name":"PrismaClientValidationError"},"level":"error","message":"Error atrapado por ErrorHandler","timestamp":"2025-08-01T17:29:03.043Z"}
{"error":{"body":{"code":"FAILED_TO_CREATE_USER","details":{"clientVersion":"6.10.0","name":"PrismaClientValidationError"},"message":"Failed to create user"},"headers":{},"name":"APIError","status":"UNPROCESSABLE_ENTITY","statusCode":422},"level":"error","message":"Error atrapado por ErrorHandler","timestamp":"2025-08-01T17:30:30.128Z"}
{"error":{"body":{"code":"FAILED_TO_CREATE_USER","details":{"clientVersion":"6.10.0","name":"PrismaClientValidationError"},"message":"Failed to create user"},"headers":{},"name":"APIError","status":"UNPROCESSABLE_ENTITY","statusCode":422},"level":"error","message":"Error atrapado por ErrorHandler","timestamp":"2025-08-01T17:31:34.430Z"}
{"error":{"issues":[{"code":"invalid_type","expected":"string","message":"Required","path":[],"received":"undefined"}],"name":"ZodError"},"level":"error","message":"Error atrapado por ErrorHandler","timestamp":"2025-08-01T17:35:17.211Z"}
{"error":{"issues":[{"code":"invalid_type","expected":"string","message":"Required","path":[],"received":"undefined"}],"name":"ZodError"},"level":"error","message":"Error atrapado por ErrorHandler","timestamp":"2025-08-01T17:35:51.509Z"}
{"error":{"issues":[{"code":"invalid_type","expected":"string","message":"Expected string, received object","path":[],"received":"object"}],"name":"ZodError"},"level":"error","message":"Error atrapado por ErrorHandler","timestamp":"2025-08-01T17:36:29.011Z"}
{"error":{"issues":[{"code":"invalid_type","expected":"string","message":"Expected string, received object","path":[],"received":"object"}],"name":"ZodError"},"level":"error","message":"Error atrapado por ErrorHandler","timestamp":"2025-08-01T17:36:46.797Z"}
{"error":{"issues":[{"code":"invalid_type","expected":"string","message":"Required","path":[],"received":"undefined"}],"name":"ZodError"},"level":"error","message":"Error atrapado por ErrorHandler","timestamp":"2025-08-01T17:37:00.962Z"}
{"error":{"issues":[{"code":"invalid_type","expected":"number","message":"Expected number, received nan","path":[],"received":"nan"}],"name":"ZodError"},"level":"error","message":"Error atrapado por ErrorHandler","timestamp":"2025-08-01T17:37:19.731Z"}
{"error":{"issues":[{"code":"invalid_type","expected":"integer","message":"Expected integer, received float","path":["score"],"received":"float"}],"name":"ZodError"},"level":"error","message":"Error atrapado por ErrorHandler","timestamp":"2025-08-01T17:41:18.486Z"}
{"error":{"clientVersion":"6.10.0","code":"P2003","meta":{"constraint":"Review_id_user_fkey","modelName":"Review"},"name":"PrismaClientKnownRequestError"},"level":"error","message":"Error atrapado por ErrorHandler","timestamp":"2025-08-01T17:46:05.587Z"}
{"error":{"clientVersion":"6.10.0","code":"P2003","meta":{"constraint":"Review_id_user_fkey","modelName":"Review"},"name":"PrismaClientKnownRequestError"},"level":"error","message":"Error atrapado por ErrorHandler","timestamp":"2025-08-01T17:46:47.384Z"}
{"error":{"clientVersion":"6.10.0","code":"P2003","meta":{"constraint":"Review_id_user_fkey","modelName":"Review"},"name":"PrismaClientKnownRequestError"},"level":"error","message":"Error atrapado por ErrorHandler","timestamp":"2025-08-01T17:47:14.779Z"}
{"error":{"issues":[{"code":"invalid_type","expected":"number","message":"Required","path":["score"],"received":"undefined"}],"name":"ZodError"},"level":"error","message":"Error atrapado por ErrorHandler","timestamp":"2025-08-01T17:48:20.813Z"}
{"error":{"clientVersion":"6.10.0","code":"P2003","meta":{"constraint":"Review_id_user_fkey","modelName":"Review"},"name":"PrismaClientKnownRequestError"},"level":"error","message":"Error atrapado por ErrorHandler","timestamp":"2025-08-01T17:48:40.100Z"}
{"error":{"clientVersion":"6.10.0","code":"P2003","meta":{"constraint":"Review_id_user_fkey","modelName":"Review"},"name":"PrismaClientKnownRequestError"},"level":"error","message":"Error atrapado por ErrorHandler","timestamp":"2025-08-01T17:48:56.977Z"}
{"error":{"body":{"code":"INVALID_EMAIL_OR_PASSWORD","message":"Invalid email or password"},"headers":{},"name":"APIError","status":"UNAUTHORIZED","statusCode":401},"level":"error","message":"Error atrapado por ErrorHandler","timestamp":"2025-08-01T17:49:39.879Z"}
{"error":{"clientVersion":"6.10.0","code":"P2002","meta":{"modelName":"Review","target":["id_user","id_movie"]},"name":"PrismaClientKnownRequestError"},"level":"error","message":"Error atrapado por ErrorHandler","timestamp":"2025-08-01T17:50:59.034Z"}
{"error":{"clientVersion":"6.10.0","code":"P2025","meta":{"cause":"No record was found for an update.","modelName":"Review"},"name":"PrismaClientKnownRequestError"},"level":"error","message":"Error atrapado por ErrorHandler","timestamp":"2025-08-01T17:53:51.610Z"}
{"error":{"clientVersion":"6.10.0","code":"P2025","meta":{"cause":"No record was found for an update.","modelName":"Review"},"name":"PrismaClientKnownRequestError"},"level":"error","message":"Error atrapado por ErrorHandler","timestamp":"2025-08-01T17:54:01.098Z"}
{"error":{"name":"NotFoundError"},"level":"error","message":"Error atrapado por ErrorHandler","timestamp":"2025-08-01T17:54:10.050Z"}
{"error":{"name":"NotFoundError"},"level":"error","message":"Error atrapado por ErrorHandler","timestamp":"2025-08-01T17:54:12.551Z"}
{"error":{"name":"NotFoundError"},"level":"error","message":"Error atrapado por ErrorHandler","timestamp":"2025-08-01T17:54:14.917Z"}
{"error":{"clientVersion":"6.10.0","code":"P2003","meta":{"constraint":"Movie_Actor_id_movie_fkey","modelName":"Movie"},"name":"PrismaClientKnownRequestError"},"level":"error","message":"Error atrapado por ErrorHandler","timestamp":"2025-08-01T17:56:59.538Z"}
{"error":{"clientVersion":"6.10.0","code":"P2003","meta":{"constraint":"Movie_Actor_id_movie_fkey","modelName":"Movie"},"name":"PrismaClientKnownRequestError"},"level":"error","message":"Error atrapado por ErrorHandler","timestamp":"2025-08-01T17:57:07.643Z"}
{"error":{"clientVersion":"6.10.0","code":"P2003","meta":{"constraint":"Movie_Actor_id_movie_fkey","modelName":"Movie"},"name":"PrismaClientKnownRequestError"},"level":"error","message":"Error atrapado por ErrorHandler","timestamp":"2025-08-01T17:57:20.906Z"}
{"error":{"issues":[{"code":"invalid_type","expected":"object","message":"Required","path":[],"received":"undefined"}],"name":"ZodError"},"level":"error","message":"Error atrapado por ErrorHandler","timestamp":"2025-08-11T19:25:29.564Z"}
{"error":{"issues":[{"code":"invalid_type","expected":"object","message":"Required","path":[],"received":"undefined"}],"name":"ZodError"},"level":"error","message":"Error atrapado por ErrorHandler","timestamp":"2025-08-11T19:25:48.617Z"}
{"error":{"issues":[{"code":"invalid_type","expected":"object","message":"Required","path":[],"received":"undefined"}],"name":"ZodError"},"level":"error","message":"Error atrapado por ErrorHandler","timestamp":"2025-08-11T19:26:19.427Z"}
{"error":{"issues":[{"code":"invalid_type","expected":"object","message":"Required","path":[],"received":"undefined"}],"name":"ZodError"},"level":"error","message":"Error atrapado por ErrorHandler","timestamp":"2025-08-11T19:26:38.901Z"}
{"error":{"issues":[{"code":"invalid_type","expected":"object","message":"Required","path":[],"received":"undefined"}],"name":"ZodError"},"level":"error","message":"Error atrapado por ErrorHandler","timestamp":"2025-08-11T19:28:16.616Z"}
{"error":{"issues":[{"code":"invalid_type","expected":"object","message":"Required","path":[],"received":"undefined"}],"name":"ZodError"},"level":"error","message":"Error atrapado por ErrorHandler","timestamp":"2025-08-11T19:29:22.306Z"}
{"error":{"issues":[{"code":"invalid_type","expected":"object","message":"Required","path":[],"received":"undefined"}],"name":"ZodError"},"level":"error","message":"Error atrapado por ErrorHandler","timestamp":"2025-08-11T19:29:45.597Z"}
{"error":{"issues":[{"code":"invalid_type","expected":"object","message":"Required","path":[],"received":"undefined"}],"name":"ZodError"},"level":"error","message":"Error atrapado por ErrorHandler","timestamp":"2025-08-11T19:29:51.158Z"}
{"error":{"issues":[{"code":"invalid_type","expected":"object","message":"Required","path":[],"received":"undefined"}],"name":"ZodError"},"level":"error","message":"Error atrapado por ErrorHandler","timestamp":"2025-08-11T19:29:53.628Z"}
{"error":{"issues":[{"code":"invalid_type","expected":"object","message":"Required","path":[],"received":"undefined"}],"name":"ZodError"},"level":"error","message":"Error atrapado por ErrorHandler","timestamp":"2025-08-11T19:30:05.527Z"}
{"error":{"issues":[{"code":"invalid_type","expected":"object","message":"Required","path":[],"received":"undefined"}],"name":"ZodError"},"level":"error","message":"Error atrapado por ErrorHandler","timestamp":"2025-08-11T19:30:07.035Z"}
{"error":{"issues":[{"code":"invalid_type","expected":"object","message":"Required","path":[],"received":"undefined"}],"name":"ZodError"},"level":"error","message":"Error atrapado por ErrorHandler","timestamp":"2025-08-11T19:30:14.850Z"}
{"error":{"issues":[{"code":"invalid_type","expected":"object","message":"Required","path":[],"received":"undefined"}],"name":"ZodError"},"level":"error","message":"Error atrapado por ErrorHandler","timestamp":"2025-08-11T19:33:17.915Z"}
{"error":{"issues":[{"code":"invalid_type","expected":"object","message":"Required","path":[],"received":"undefined"}],"name":"ZodError"},"level":"error","message":"Error atrapado por ErrorHandler","timestamp":"2025-08-11T19:33:31.517Z"}
{"error":{"issues":[{"code":"invalid_type","expected":"object","message":"Required","path":[],"received":"undefined"}],"name":"ZodError"},"level":"error","message":"Error atrapado por ErrorHandler","timestamp":"2025-08-11T19:33:54.223Z"}
{"error":{"clientVersion":"6.10.0","name":"PrismaClientInitializationError"},"level":"error","message":"Error atrapado por ErrorHandler","timestamp":"2025-08-12T12:07:22.639Z"}
{"error":{"clientVersion":"6.10.0","name":"PrismaClientInitializationError"},"level":"error","message":"Error atrapado por ErrorHandler","timestamp":"2025-08-12T12:25:38.290Z"}
{"error":{"clientVersion":"6.10.0","name":"PrismaClientInitializationError"},"level":"error","message":"Error atrapado por ErrorHandler","timestamp":"2025-08-12T12:26:12.822Z"}
{"error":{"issues":[{"code":"invalid_type","expected":"object","message":"Required","path":[],"received":"undefined"}],"name":"ZodError"},"level":"error","message":"Error atrapado por ErrorHandler","timestamp":"2025-08-12T12:36:56.669Z"}
{"error":{"issues":[{"code":"invalid_type","expected":"object","message":"Required","path":[],"received":"undefined"}],"name":"ZodError"},"level":"error","message":"Error atrapado por ErrorHandler","timestamp":"2025-08-12T12:38:05.143Z"}
{"error":{"name":"UnauthorizedError"},"level":"error","message":"Error atrapado por ErrorHandler","timestamp":"2025-08-12T12:39:20.559Z"}
{"error":{"issues":[{"code":"invalid_type","expected":"object","message":"Required","path":[],"received":"undefined"}],"name":"ZodError"},"level":"error","message":"Error atrapado por ErrorHandler","timestamp":"2025-08-12T12:39:45.288Z"}
{"error":{"name":"UnauthorizedError"},"level":"error","message":"Error atrapado por ErrorHandler","timestamp":"2025-08-12T12:41:39.439Z"}
{"error":{},"level":"error","message":"Error atrapado por ErrorHandler","timestamp":"2025-08-12T12:41:44.444Z"}
{"error":{"name":"ConflictError"},"level":"error","message":"Error atrapado por ErrorHandler","timestamp":"2025-08-12T12:41:49.859Z"}
{"error":{},"level":"error","message":"Error atrapado por ErrorHandler","timestamp":"2025-08-12T12:44:20.736Z"}
{"error":{},"level":"error","message":"Error atrapado por ErrorHandler","timestamp":"2025-08-12T12:44:44.191Z"}
{"error":{"name":"ConflictError"},"level":"error","message":"Error atrapado por ErrorHandler","timestamp":"2025-08-12T12:45:36.110Z"}
{"error":{},"level":"error","message":"Error atrapado por ErrorHandler","timestamp":"2025-08-12T12:48:06.448Z"}
{"error":{},"level":"error","message":"Error atrapado por ErrorHandler","timestamp":"2025-08-12T12:49:36.539Z"}
{"error":{},"level":"error","message":"Error atrapado por ErrorHandler","timestamp":"2025-08-12T12:53:05.520Z"}
{"error":{"name":"ConflictError"},"level":"error","message":"Error atrapado por ErrorHandler","timestamp":"2025-08-12T12:53:39.516Z"}
{"error":{},"level":"error","message":"Error atrapado por ErrorHandler","timestamp":"2025-08-12T12:53:46.159Z"}
{"error":{"name":"ConflictError"},"level":"error","message":"Error atrapado por ErrorHandler","timestamp":"2025-08-12T12:54:01.346Z"}
{"error":{"name":"UnauthorizedError"},"level":"error","message":"Error atrapado por ErrorHandler","timestamp":"2025-08-12T13:00:47.081Z"}
{"error":{"name":"UnauthorizedError"},"level":"error","message":"Error atrapado por ErrorHandler","timestamp":"2025-08-12T13:12:08.657Z"}
{"error":{"name":"ForbiddenError"},"level":"error","message":"Error atrapado por ErrorHandler","timestamp":"2025-08-12T13:12:30.333Z"}
{"error":{"issues":[{"code":"invalid_type","expected":"number","message":"Required","path":["id_movie"],"received":"undefined"}],"name":"ZodError"},"level":"error","message":"Error atrapado por ErrorHandler","timestamp":"2025-08-12T13:15:57.261Z"}
{"error":{"name":"UnauthorizedError"},"level":"error","message":"Error atrapado por ErrorHandler","timestamp":"2025-08-12T13:26:23.606Z"}
{"error":{"name":"NotFoundError"},"level":"error","message":"Error atrapado por ErrorHandler","timestamp":"2025-08-12T13:44:36.977Z"}
{"error":{"name":"UnauthorizedError"},"level":"error","message":"Error atrapado por ErrorHandler","timestamp":"2025-08-12T13:44:50.252Z"}
{"error":{"name":"UnauthorizedError"},"level":"error","message":"Error atrapado por ErrorHandler","timestamp":"2025-08-12T13:45:35.348Z"}
{"error":{"issues":[{"code":"custom","message":"La puntuación debe estar entre 0 y 5","path":["score"]}],"name":"ZodError"},"level":"error","message":"Error atrapado por ErrorHandler","timestamp":"2025-08-12T13:45:42.235Z"}
{"error":{"name":"UnauthorizedError"},"level":"error","message":"Error atrapado por ErrorHandler","timestamp":"2025-08-12T13:45:56.015Z"}
{"error":{"name":"NotFoundError"},"level":"error","message":"Error atrapado por ErrorHandler","timestamp":"2025-08-12T13:47:02.781Z"}
{"error":{"name":"UnauthorizedError"},"level":"error","message":"Error atrapado por ErrorHandler","timestamp":"2025-08-12T13:47:20.278Z"}
