{"ip":"::1","level":"info","message":"Incoming request","method":"GET","timestamp":"2025-08-13T21:19:52.181Z","url":"/movies","userAgent":"Mozilla/5.0 (Windows NT; Windows NT 10.0; es-AR) WindowsPowerShell/5.1.26100.4768","userId":"anonymous"}
{"context":{"endpoint":"/","executionTime":"2486ms","method":"GET","userId":"anonymous"},"level":"info","message":"Successful response sent","response":{"dataSize":17587,"message":"Películas obtenidas exitosamente","status":200,"timestamp":"2025-08-13T21:19:54.667Z"},"timestamp":"2025-08-13T21:19:54.667Z"}
{"duration":"2490ms","level":"info","message":"Request completed","method":"GET","statusCode":200,"success":true,"timestamp":"2025-08-13T21:19:54.671Z","url":"/","userId":"anonymous"}
{"ip":"::1","level":"info","message":"Incoming request","method":"GET","timestamp":"2025-08-13T21:20:16.247Z","url":"/movies","userAgent":"Mozilla/5.0 (Windows NT; Windows NT 10.0; es-AR) WindowsPowerShell/5.1.26100.4768","userId":"anonymous"}
{"context":{"endpoint":"/","executionTime":"595ms","method":"GET","userId":"anonymous"},"level":"info","message":"Successful response sent","response":{"dataSize":17587,"message":"Películas obtenidas exitosamente","status":200,"timestamp":"2025-08-13T21:20:16.842Z"},"timestamp":"2025-08-13T21:20:16.843Z"}
{"duration":"597ms","level":"info","message":"Request completed","method":"GET","statusCode":200,"success":true,"timestamp":"2025-08-13T21:20:16.844Z","url":"/","userId":"anonymous"}
{"ip":"::1","level":"info","message":"Incoming request","method":"GET","timestamp":"2025-08-13T21:21:19.696Z","url":"/","userAgent":"Mozilla/5.0 (Windows NT; Windows NT 10.0; es-AR) WindowsPowerShell/5.1.26100.4768","userId":"anonymous"}
{"duration":"1ms","level":"info","message":"Request completed","method":"GET","statusCode":200,"success":true,"timestamp":"2025-08-13T21:21:19.697Z","url":"/","userId":"anonymous"}
{"ip":"::1","level":"info","message":"Incoming request","method":"GET","timestamp":"2025-08-13T21:21:51.142Z","url":"/movies","userAgent":"Mozilla/5.0 (Windows NT; Windows NT 10.0; es-AR) WindowsPowerShell/5.1.26100.4768","userId":"anonymous"}
{"context":{"endpoint":"/","executionTime":"594ms","method":"GET","userId":"anonymous"},"level":"info","message":"Successful response sent","response":{"dataSize":17587,"message":"Películas obtenidas exitosamente","status":200,"timestamp":"2025-08-13T21:21:51.736Z"},"timestamp":"2025-08-13T21:21:51.737Z"}
{"duration":"596ms","level":"info","message":"Request completed","method":"GET","statusCode":200,"success":true,"timestamp":"2025-08-13T21:21:51.738Z","url":"/","userId":"anonymous"}
{"ip":"::1","level":"info","message":"Incoming request","method":"POST","timestamp":"2025-08-13T21:24:14.726Z","url":"/auth/register","userAgent":"PostmanRuntime/7.45.0","userId":"anonymous"}
{"context":{"endpoint":"/auth/register","method":"POST","timestamp":"2025-08-13T21:24:15.214Z","userId":"new_user"},"error":{"message":"El usuario ya existe con este email","name":"ConflictError","stack":"ConflictError: El usuario ya existe con este email\n    at AuthController.register (file:///D:/Utn/3%C2%B0%20A%C3%B1o/Desarrollo%20de%20Software/Backend-TPDSW/dist/modules/Auth/auth.controller.js:16:23)"},"level":"error","message":"Error atrapado por ErrorHandler","timestamp":"2025-08-13T21:24:15.214Z"}
{"duration":"489ms","level":"info","message":"Request completed","method":"POST","statusCode":500,"success":false,"timestamp":"2025-08-13T21:24:15.215Z","url":"/register","userId":"anonymous"}
{"ip":"::1","level":"info","message":"Incoming request","method":"POST","timestamp":"2025-08-13T21:24:23.837Z","url":"/auth/login","userAgent":"PostmanRuntime/7.45.0","userId":"anonymous"}
{"context":{"endpoint":"/login","method":"POST","timestamp":"2025-08-13T21:24:24.287Z","userId":"anonymous"},"error":{"message":"La clave secreta JWT no está definida en las variables de entorno","name":"Error","stack":"Error: La clave secreta JWT no está definida en las variables de entorno\n    at AuthUtils.generateToken (file:///D:/Utn/3%C2%B0%20A%C3%B1o/Desarrollo%20de%20Software/Backend-TPDSW/dist/utils/auth.js:14:19)\n    at AuthController.login (file:///D:/Utn/3%C2%B0%20A%C3%B1o/Desarrollo%20de%20Software/Backend-TPDSW/dist/modules/Auth/auth.controller.js:56:37)"},"level":"error","message":"Error atrapado por ErrorHandler","timestamp":"2025-08-13T21:24:24.287Z"}
{"duration":"451ms","level":"info","message":"Request completed","method":"POST","statusCode":500,"success":false,"timestamp":"2025-08-13T21:24:24.288Z","url":"/login","userId":"anonymous"}
{"ip":"::1","level":"info","message":"Incoming request","method":"GET","timestamp":"2025-08-13T21:31:03.807Z","url":"/movies","userAgent":"PostmanRuntime/7.45.0","userId":"anonymous"}
{"context":{"endpoint":"/","executionTime":"3178ms","method":"GET","userId":"anonymous"},"level":"info","message":"Successful response sent","response":{"dataSize":17587,"message":"Películas obtenidas exitosamente","status":200,"timestamp":"2025-08-13T21:31:06.985Z"},"timestamp":"2025-08-13T21:31:06.985Z"}
{"duration":"3183ms","level":"info","message":"Request completed","method":"GET","statusCode":200,"success":true,"timestamp":"2025-08-13T21:31:06.990Z","url":"/","userId":"anonymous"}
{"ip":"::1","level":"info","message":"Incoming request","method":"GET","timestamp":"2025-08-13T21:31:15.759Z","url":"/movies/109","userAgent":"PostmanRuntime/7.45.0","userId":"anonymous"}
{"context":{"endpoint":"unknown","method":"unknown","timestamp":"2025-08-13T21:31:16.076Z","userId":"anonymous"},"error":{"message":"Recurso no encontrado","name":"NotFoundError","stack":"NotFoundError: Recurso no encontrado\n    at MovieController.getOne (file:///D:/Utn/3%C2%B0%20A%C3%B1o/Desarrollo%20de%20Software/Backend-TPDSW/dist/modules/Movies/movie.controller.js:24:23)"},"level":"error","message":"Error atrapado por ErrorHandler","timestamp":"2025-08-13T21:31:16.076Z"}
{"duration":"318ms","level":"info","message":"Request completed","method":"GET","statusCode":404,"success":false,"timestamp":"2025-08-13T21:31:16.077Z","url":"/109","userId":"anonymous"}
{"ip":"::1","level":"info","message":"Incoming request","method":"GET","timestamp":"2025-08-13T21:31:19.982Z","url":"/movies/1093","userAgent":"PostmanRuntime/7.45.0","userId":"anonymous"}
{"context":{"endpoint":"unknown","method":"unknown","timestamp":"2025-08-13T21:31:20.128Z","userId":"anonymous"},"error":{"message":"Recurso no encontrado","name":"NotFoundError","stack":"NotFoundError: Recurso no encontrado\n    at MovieController.getOne (file:///D:/Utn/3%C2%B0%20A%C3%B1o/Desarrollo%20de%20Software/Backend-TPDSW/dist/modules/Movies/movie.controller.js:24:23)"},"level":"error","message":"Error atrapado por ErrorHandler","timestamp":"2025-08-13T21:31:20.128Z"}
{"duration":"148ms","level":"info","message":"Request completed","method":"GET","statusCode":404,"success":false,"timestamp":"2025-08-13T21:31:20.130Z","url":"/1093","userId":"anonymous"}
{"ip":"::1","level":"info","message":"Incoming request","method":"GET","timestamp":"2025-08-13T21:31:23.933Z","url":"/movies/23","userAgent":"PostmanRuntime/7.45.0","userId":"anonymous"}
{"context":{"endpoint":"unknown","executionTime":"unknown","method":"unknown","userId":"anonymous"},"level":"info","message":"Successful response sent","response":{"dataSize":881,"message":"Operación exitosa","status":200,"timestamp":"2025-08-13T21:31:24.930Z"},"timestamp":"2025-08-13T21:31:24.930Z"}
{"duration":"998ms","level":"info","message":"Request completed","method":"GET","statusCode":200,"success":true,"timestamp":"2025-08-13T21:31:24.931Z","url":"/23","userId":"anonymous"}
{"ip":"::1","level":"info","message":"Incoming request","method":"GET","timestamp":"2025-08-13T21:31:34.978Z","url":"/movies/search/?page=1&limit=5","userAgent":"PostmanRuntime/7.45.0","userId":"anonymous"}
{"context":{"endpoint":"/search/?page=1&limit=5","executionTime":"624ms","method":"GET","userId":"anonymous"},"level":"info","message":"Paginated response sent","pagination":{"page":1,"pageSize":5,"total":5,"totalPages":1},"response":{"dataSize":2347,"message":"Películas paginadas obtenidas exitosamente","recordsCount":5,"status":200,"timestamp":"2025-08-13T21:31:35.602Z"},"timestamp":"2025-08-13T21:31:35.602Z"}
{"duration":"626ms","level":"info","message":"Request completed","method":"GET","statusCode":200,"success":true,"timestamp":"2025-08-13T21:31:35.604Z","url":"/search/?page=1&limit=5","userId":"anonymous"}
